<?xml version="1.0" encoding="UTF-8"?>
<!-- Generated by org.testng.reporters.JUnitXMLReporter -->
<testsuite hostname="DESKTOP-17C739T" failures="0" tests="2" name="Test" time="3.937" errors="0" timestamp="25 May 2023 16:51:51 GMT">
  <testcase classname="E2Eproject.Academy.PageValidiator" name="@BeforeTest Initilizer" time="0.0">
    <failure type="java.lang.IllegalStateException" message="The driver executable must exist: C:\work\chomedriver.exe">
      <![CDATA[java.lang.IllegalStateException: The driver executable must exist: C:\work\chomedriver.exe
	at org.openqa.selenium.internal.Require$FileStateChecker.isFile(Require.java:345)
	at org.openqa.selenium.remote.service.DriverFinder.getPath(DriverFinder.java:40)
	at org.openqa.selenium.chrome.ChromeDriver.generateExecutor(ChromeDriver.java:98)
	at org.openqa.selenium.chrome.ChromeDriver.<init>(ChromeDriver.java:88)
	at org.openqa.selenium.chrome.ChromeDriver.<init>(ChromeDriver.java:84)
	at org.openqa.selenium.chrome.ChromeDriver.<init>(ChromeDriver.java:52)
	at resources.base.InitializeDriver(base.java:27)
	at E2Eproject.Academy.homepage.Initilizer(homepage.java:20)
... Removed 20 stack frames]]>
    </failure>
  </testcase> <!-- @BeforeTest Initilizer -->
  <testcase classname="E2Eproject.Academy.PageValidiator" name="@AfterTest CloseBrowser" time="0.0">
    <skipped/>
  </testcase> <!-- @AfterTest CloseBrowser -->
  <testcase classname="E2Eproject.Academy.PageValidiator" name="@AfterTest CloseBrowser" time="0.0">
    <skipped/>
  </testcase> <!-- @AfterTest CloseBrowser -->
  <testcase classname="E2Eproject.Academy.homepage" name="basePageNavigation" time="0.003">
    <skipped/>
  </testcase> <!-- basePageNavigation -->
  <testcase classname="E2Eproject.Academy.PageValidiator" name="basePageNavigation" time="0.003">
    <skipped/>
  </testcase> <!-- basePageNavigation -->
</testsuite> <!-- Test -->
